Terminals unused in grammar

    SC
    COMA
    VAR
    EQ
    OP


Grammar

    0 $accept: prm $end

    1 prm: HEADER INT MAIN LB RB LCB RCB


Terminals, with rules where they appear

    $end (0) 0
    error (256)
    SC (258)
    COMA (259)
    VAR (260)
    EQ (261)
    OP (262)
    HEADER (263) 1
    INT (264) 1
    MAIN (265) 1
    LB (266) 1
    RB (267) 1
    LCB (268) 1
    RCB (269) 1


Nonterminals, with rules where they appear

    $accept (15)
        on left: 0
    prm (16)
        on left: 1
        on right: 0


State 0

    0 $accept: . prm $end

    HEADER  shift, and go to state 1

    prm  go to state 2


State 1

    1 prm: HEADER . INT MAIN LB RB LCB RCB

    INT  shift, and go to state 3


State 2

    0 $accept: prm . $end

    $end  shift, and go to state 4


State 3

    1 prm: HEADER INT . MAIN LB RB LCB RCB

    MAIN  shift, and go to state 5


State 4

    0 $accept: prm $end .

    $default  accept


State 5

    1 prm: HEADER INT MAIN . LB RB LCB RCB

    LB  shift, and go to state 6


State 6

    1 prm: HEADER INT MAIN LB . RB LCB RCB

    RB  shift, and go to state 7


State 7

    1 prm: HEADER INT MAIN LB RB . LCB RCB

    LCB  shift, and go to state 8


State 8

    1 prm: HEADER INT MAIN LB RB LCB . RCB

    RCB  shift, and go to state 9


State 9

    1 prm: HEADER INT MAIN LB RB LCB RCB .

    $default  reduce using rule 1 (prm)
